{
  "query_block": {
    "select_id": 1,
    "cost_info": {
      "query_cost": "14.65"
    },
    "nested_loop": [
      {
        "table": {
          "table_name": "plantas",
          "access_type": "ALL",
          "possible_keys": [
            "PRIMARY",
            "idx_plantas_idPlantas"
          ],
          "rows_examined_per_scan": 18,
          "rows_produced_per_join": 18,
          "filtered": "100.00",
          "cost_info": {
            "read_cost": "0.25",
            "eval_cost": "1.80",
            "prefix_cost": "2.05",
            "data_read_per_join": "14K"
          },
          "used_columns": [
            "idPlantas",
            "PlantasNombre",
            "idCategoria",
            "CategoriaDescripcion"
          ]
        }
      },
      {
        "table": {
          "table_name": "imagenes",
          "access_type": "eq_ref",
          "possible_keys": [
            "PRIMARY"
          ],
          "key": "PRIMARY",
          "used_key_parts": [
            "idPlantas"
          ],
          "key_length": "4",
          "ref": [
            "rinconbotanico.plantas.idPlantas"
          ],
          "rows_examined_per_scan": 1,
          "rows_produced_per_join": 18,
          "filtered": "100.00",
          "cost_info": {
            "read_cost": "4.50",
            "eval_cost": "1.80",
            "prefix_cost": "8.35",
            "data_read_per_join": "14K"
          },
          "used_columns": [
            "idPlantas",
            "ImagenesLinkFoto"
          ]
        }
      },
      {
        "table": {
          "table_name": "dataplantas",
          "access_type": "eq_ref",
          "possible_keys": [
            "PRIMARY",
            "idPlantas_UNIQUE"
          ],
          "key": "PRIMARY",
          "used_key_parts": [
            "idPlantas"
          ],
          "key_length": "4",
          "ref": [
            "rinconbotanico.plantas.idPlantas"
          ],
          "rows_examined_per_scan": 1,
          "rows_produced_per_join": 18,
          "filtered": "100.00",
          "cost_info": {
            "read_cost": "4.50",
            "eval_cost": "1.80",
            "prefix_cost": "14.65",
            "data_read_per_join": "112K"
          },
          "used_columns": [
            "idPlantas",
            "Ubicacion",
            "Sustrato",
            "Riego",
            "Floracion",
            "Tamano",
            "Observaciones"
          ]
        }
      }
    ]
  }
}